{"/Users/thiagoklemg/phonebook/backend/src/data.ts": {"path":"/Users/thiagoklemg/phonebook/backend/src/data.ts","statementMap":{"0":{"start":{"line":3,"column":28},"end":{"line":9,"column":2}},"1":{"start":{"line":11,"column":0},"end":{"line":11,"column":24}}},"fnMap":{},"branchMap":{},"s":{"0":3,"1":3},"f":{},"b":{}}
,"/Users/thiagoklemg/phonebook/backend/src/server.ts": {"path":"/Users/thiagoklemg/phonebook/backend/src/server.ts","statementMap":{"0":{"start":{"line":1,"column":0},"end":{"line":1,"column":30}},"1":{"start":{"line":2,"column":0},"end":{"line":2,"column":37}},"2":{"start":{"line":3,"column":0},"end":{"line":3,"column":45}},"3":{"start":{"line":5,"column":13},"end":{"line":5,"column":29}},"4":{"start":{"line":6,"column":13},"end":{"line":6,"column":17}},"5":{"start":{"line":8,"column":0},"end":{"line":8,"column":51}},"6":{"start":{"line":9,"column":0},"end":{"line":9,"column":27}},"7":{"start":{"line":10,"column":0},"end":{"line":10,"column":29}},"8":{"start":{"line":13,"column":0},"end":{"line":15,"column":3}},"9":{"start":{"line":14,"column":2},"end":{"line":14,"column":60}}},"fnMap":{"0":{"name":"(anonymous_1)","decl":{"start":{"line":13,"column":17},"end":{"line":13,"column":20}},"loc":{"start":{"line":13,"column":22},"end":{"line":15,"column":1}}}},"branchMap":{},"s":{"0":1,"1":1,"2":1,"3":1,"4":1,"5":1,"6":1,"7":1,"8":1,"9":1},"f":{"0":1},"b":{}}
,"/Users/thiagoklemg/phonebook/backend/src/controllers/contactsControllers.ts": {"path":"/Users/thiagoklemg/phonebook/backend/src/controllers/contactsControllers.ts","statementMap":{"0":{"start":{"line":3,"column":0},"end":{"line":3,"column":59}},"1":{"start":{"line":5,"column":30},"end":{"line":13,"column":1}},"2":{"start":{"line":6,"column":26},"end":{"line":6,"column":58}},"3":{"start":{"line":7,"column":35},"end":{"line":11,"column":4}},"4":{"start":{"line":12,"column":2},"end":{"line":12,"column":24}},"5":{"start":{"line":5,"column":13},"end":{"line":5,"column":30}},"6":{"start":{"line":15,"column":26},"end":{"line":26,"column":1}},"7":{"start":{"line":16,"column":41},"end":{"line":16,"column":49}},"8":{"start":{"line":18,"column":17},"end":{"line":18,"column":75}},"9":{"start":{"line":20,"column":35},"end":{"line":23,"column":4}},"10":{"start":{"line":25,"column":2},"end":{"line":25,"column":24}},"11":{"start":{"line":15,"column":13},"end":{"line":15,"column":26}},"12":{"start":{"line":28,"column":27},"end":{"line":44,"column":1}},"13":{"start":{"line":29,"column":24},"end":{"line":29,"column":54}},"14":{"start":{"line":30,"column":41},"end":{"line":30,"column":49}},"15":{"start":{"line":32,"column":17},"end":{"line":36,"column":4}},"16":{"start":{"line":38,"column":35},"end":{"line":41,"column":4}},"17":{"start":{"line":43,"column":2},"end":{"line":43,"column":24}},"18":{"start":{"line":28,"column":13},"end":{"line":28,"column":27}},"19":{"start":{"line":46,"column":29},"end":{"line":57,"column":1}},"20":{"start":{"line":47,"column":24},"end":{"line":47,"column":54}},"21":{"start":{"line":49,"column":17},"end":{"line":49,"column":53}},"22":{"start":{"line":51,"column":35},"end":{"line":54,"column":4}},"23":{"start":{"line":56,"column":2},"end":{"line":56,"column":24}},"24":{"start":{"line":46,"column":13},"end":{"line":46,"column":29}}},"fnMap":{"0":{"name":"(anonymous_1)","decl":{"start":{"line":5,"column":30},"end":{"line":5,"column":31}},"loc":{"start":{"line":5,"column":67},"end":{"line":13,"column":1}}},"1":{"name":"(anonymous_2)","decl":{"start":{"line":15,"column":26},"end":{"line":15,"column":27}},"loc":{"start":{"line":15,"column":64},"end":{"line":26,"column":1}}},"2":{"name":"(anonymous_3)","decl":{"start":{"line":28,"column":27},"end":{"line":28,"column":28}},"loc":{"start":{"line":28,"column":65},"end":{"line":44,"column":1}}},"3":{"name":"(anonymous_4)","decl":{"start":{"line":46,"column":29},"end":{"line":46,"column":30}},"loc":{"start":{"line":46,"column":67},"end":{"line":57,"column":1}}}},"branchMap":{},"s":{"0":2,"1":2,"2":2,"3":2,"4":2,"5":2,"6":2,"7":1,"8":1,"9":1,"10":1,"11":2,"12":2,"13":2,"14":2,"15":2,"16":2,"17":2,"18":2,"19":2,"20":1,"21":1,"22":1,"23":1,"24":2},"f":{"0":2,"1":1,"2":2,"3":1},"b":{}}
,"/Users/thiagoklemg/phonebook/backend/src/routes/contactsRoutes.ts": {"path":"/Users/thiagoklemg/phonebook/backend/src/routes/contactsRoutes.ts","statementMap":{"0":{"start":{"line":1,"column":0},"end":{"line":1,"column":30}},"1":{"start":{"line":3,"column":0},"end":{"line":3,"column":73}},"2":{"start":{"line":5,"column":15},"end":{"line":5,"column":31}},"3":{"start":{"line":7,"column":0},"end":{"line":7,"column":51}},"4":{"start":{"line":8,"column":0},"end":{"line":8,"column":48}},"5":{"start":{"line":9,"column":0},"end":{"line":9,"column":54}},"6":{"start":{"line":10,"column":0},"end":{"line":10,"column":59}},"7":{"start":{"line":12,"column":0},"end":{"line":12,"column":22}}},"fnMap":{},"branchMap":{},"s":{"0":1,"1":1,"2":1,"3":1,"4":1,"5":1,"6":1,"7":1},"f":{},"b":{}}
,"/Users/thiagoklemg/phonebook/backend/src/services/contactsServices.ts": {"path":"/Users/thiagoklemg/phonebook/backend/src/services/contactsServices.ts","statementMap":{"0":{"start":{"line":1,"column":0},"end":{"line":1,"column":31}},"1":{"start":{"line":5,"column":2},"end":{"line":5,"column":18}},"2":{"start":{"line":9,"column":2},"end":{"line":11,"column":4}},"3":{"start":{"line":10,"column":24},"end":{"line":10,"column":73}},"4":{"start":{"line":18,"column":2},"end":{"line":20,"column":3}},"5":{"start":{"line":19,"column":4},"end":{"line":19,"column":75}},"6":{"start":{"line":22,"column":2},"end":{"line":24,"column":3}},"7":{"start":{"line":23,"column":4},"end":{"line":23,"column":70}},"8":{"start":{"line":26,"column":2},"end":{"line":26,"column":28}},"9":{"start":{"line":27,"column":2},"end":{"line":27,"column":66}},"10":{"start":{"line":31,"column":2},"end":{"line":34,"column":3}},"11":{"start":{"line":32,"column":4},"end":{"line":32,"column":30}},"12":{"start":{"line":33,"column":4},"end":{"line":33,"column":70}},"13":{"start":{"line":36,"column":2},"end":{"line":36,"column":79}},"14":{"start":{"line":43,"column":2},"end":{"line":61,"column":3}},"15":{"start":{"line":44,"column":4},"end":{"line":53,"column":5}},"16":{"start":{"line":49,"column":6},"end":{"line":52,"column":8}},"17":{"start":{"line":55,"column":4},"end":{"line":57,"column":5}},"18":{"start":{"line":56,"column":6},"end":{"line":56,"column":72}},"19":{"start":{"line":59,"column":4},"end":{"line":59,"column":37}},"20":{"start":{"line":60,"column":4},"end":{"line":60,"column":69}},"21":{"start":{"line":63,"column":2},"end":{"line":63,"column":78}},"22":{"start":{"line":66,"column":0},"end":{"line":71,"column":2}}},"fnMap":{"0":{"name":"getAllContacts","decl":{"start":{"line":4,"column":9},"end":{"line":4,"column":23}},"loc":{"start":{"line":4,"column":23},"end":{"line":6,"column":1}}},"1":{"name":"contactExists","decl":{"start":{"line":8,"column":9},"end":{"line":8,"column":22}},"loc":{"start":{"line":8,"column":59},"end":{"line":12,"column":1}}},"2":{"name":"(anonymous_3)","decl":{"start":{"line":10,"column":4},"end":{"line":10,"column":5}},"loc":{"start":{"line":10,"column":24},"end":{"line":10,"column":73}}},"3":{"name":"addContact","decl":{"start":{"line":14,"column":9},"end":{"line":14,"column":19}},"loc":{"start":{"line":14,"column":39},"end":{"line":28,"column":1}}},"4":{"name":"deleteContact","decl":{"start":{"line":30,"column":9},"end":{"line":30,"column":22}},"loc":{"start":{"line":30,"column":36},"end":{"line":37,"column":1}}},"5":{"name":"editContact","decl":{"start":{"line":39,"column":9},"end":{"line":39,"column":20}},"loc":{"start":{"line":41,"column":25},"end":{"line":64,"column":1}}}},"branchMap":{"0":{"loc":{"start":{"line":10,"column":24},"end":{"line":10,"column":73}},"type":"binary-expr","locations":[{"start":{"line":10,"column":24},"end":{"line":10,"column":46}},{"start":{"line":10,"column":50},"end":{"line":10,"column":73}}]},"1":{"loc":{"start":{"line":18,"column":2},"end":{"line":20,"column":3}},"type":"if","locations":[{"start":{"line":18,"column":2},"end":{"line":20,"column":3}}]},"2":{"loc":{"start":{"line":18,"column":6},"end":{"line":18,"column":72}},"type":"binary-expr","locations":[{"start":{"line":18,"column":6},"end":{"line":18,"column":27}},{"start":{"line":18,"column":31},"end":{"line":18,"column":51}},{"start":{"line":18,"column":55},"end":{"line":18,"column":72}}]},"3":{"loc":{"start":{"line":22,"column":2},"end":{"line":24,"column":3}},"type":"if","locations":[{"start":{"line":22,"column":2},"end":{"line":24,"column":3}}]},"4":{"loc":{"start":{"line":31,"column":2},"end":{"line":34,"column":3}},"type":"if","locations":[{"start":{"line":31,"column":2},"end":{"line":34,"column":3}}]},"5":{"loc":{"start":{"line":31,"column":6},"end":{"line":31,"column":43}},"type":"binary-expr","locations":[{"start":{"line":31,"column":6},"end":{"line":31,"column":16}},{"start":{"line":31,"column":20},"end":{"line":31,"column":43}}]},"6":{"loc":{"start":{"line":43,"column":2},"end":{"line":61,"column":3}},"type":"if","locations":[{"start":{"line":43,"column":2},"end":{"line":61,"column":3}}]},"7":{"loc":{"start":{"line":43,"column":6},"end":{"line":43,"column":43}},"type":"binary-expr","locations":[{"start":{"line":43,"column":6},"end":{"line":43,"column":16}},{"start":{"line":43,"column":20},"end":{"line":43,"column":43}}]},"8":{"loc":{"start":{"line":44,"column":4},"end":{"line":53,"column":5}},"type":"if","locations":[{"start":{"line":44,"column":4},"end":{"line":53,"column":5}}]},"9":{"loc":{"start":{"line":45,"column":6},"end":{"line":47,"column":27}},"type":"binary-expr","locations":[{"start":{"line":45,"column":6},"end":{"line":45,"column":31}},{"start":{"line":46,"column":6},"end":{"line":46,"column":30}},{"start":{"line":47,"column":6},"end":{"line":47,"column":27}}]},"10":{"loc":{"start":{"line":55,"column":4},"end":{"line":57,"column":5}},"type":"if","locations":[{"start":{"line":55,"column":4},"end":{"line":57,"column":5}}]}},"s":{"0":3,"1":3,"2":7,"3":32,"4":4,"5":1,"6":3,"7":1,"8":2,"9":2,"10":3,"11":2,"12":2,"13":1,"14":6,"15":5,"16":1,"17":4,"18":1,"19":3,"20":3,"21":1,"22":3},"f":{"0":3,"1":7,"2":32,"3":4,"4":3,"5":6},"b":{"0":[32,28],"1":[1],"2":[4,3,3],"3":[1],"4":[2],"5":[3,3],"6":[5],"7":[6,6],"8":[1],"9":[5,4,4],"10":[1]}}
}
