{"/Users/thiagoklemg/phonebook/backend/src/data.ts": {"path":"/Users/thiagoklemg/phonebook/backend/src/data.ts","statementMap":{"0":{"start":{"line":3,"column":28},"end":{"line":9,"column":2}},"1":{"start":{"line":11,"column":0},"end":{"line":11,"column":24}}},"fnMap":{},"branchMap":{},"s":{"0":3,"1":3},"f":{},"b":{}}
,"/Users/thiagoklemg/phonebook/backend/src/server.ts": {"path":"/Users/thiagoklemg/phonebook/backend/src/server.ts","statementMap":{"0":{"start":{"line":1,"column":0},"end":{"line":1,"column":30}},"1":{"start":{"line":2,"column":0},"end":{"line":2,"column":37}},"2":{"start":{"line":3,"column":0},"end":{"line":3,"column":45}},"3":{"start":{"line":4,"column":0},"end":{"line":4,"column":43}},"4":{"start":{"line":5,"column":0},"end":{"line":5,"column":48}},"5":{"start":{"line":7,"column":13},"end":{"line":7,"column":29}},"6":{"start":{"line":8,"column":13},"end":{"line":8,"column":37}},"7":{"start":{"line":10,"column":0},"end":{"line":10,"column":68}},"8":{"start":{"line":11,"column":0},"end":{"line":11,"column":51}},"9":{"start":{"line":12,"column":0},"end":{"line":12,"column":27}},"10":{"start":{"line":13,"column":0},"end":{"line":13,"column":16}},"11":{"start":{"line":15,"column":0},"end":{"line":15,"column":17}}},"fnMap":{},"branchMap":{},"s":{"0":1,"1":1,"2":1,"3":1,"4":1,"5":1,"6":1,"7":1,"8":1,"9":1,"10":1,"11":1},"f":{},"b":{}}
,"/Users/thiagoklemg/phonebook/backend/src/controllers/contactsControllers.ts": {"path":"/Users/thiagoklemg/phonebook/backend/src/controllers/contactsControllers.ts","statementMap":{"0":{"start":{"line":3,"column":0},"end":{"line":3,"column":59}},"1":{"start":{"line":5,"column":30},"end":{"line":13,"column":1}},"2":{"start":{"line":6,"column":26},"end":{"line":6,"column":58}},"3":{"start":{"line":7,"column":35},"end":{"line":11,"column":4}},"4":{"start":{"line":12,"column":2},"end":{"line":12,"column":36}},"5":{"start":{"line":5,"column":13},"end":{"line":5,"column":30}},"6":{"start":{"line":15,"column":26},"end":{"line":26,"column":1}},"7":{"start":{"line":16,"column":41},"end":{"line":16,"column":49}},"8":{"start":{"line":18,"column":17},"end":{"line":18,"column":75}},"9":{"start":{"line":20,"column":35},"end":{"line":23,"column":4}},"10":{"start":{"line":25,"column":2},"end":{"line":25,"column":36}},"11":{"start":{"line":15,"column":13},"end":{"line":15,"column":26}},"12":{"start":{"line":28,"column":27},"end":{"line":44,"column":1}},"13":{"start":{"line":29,"column":24},"end":{"line":29,"column":54}},"14":{"start":{"line":30,"column":41},"end":{"line":30,"column":49}},"15":{"start":{"line":32,"column":17},"end":{"line":36,"column":4}},"16":{"start":{"line":38,"column":35},"end":{"line":41,"column":4}},"17":{"start":{"line":43,"column":2},"end":{"line":43,"column":36}},"18":{"start":{"line":28,"column":13},"end":{"line":28,"column":27}},"19":{"start":{"line":46,"column":29},"end":{"line":57,"column":1}},"20":{"start":{"line":47,"column":24},"end":{"line":47,"column":54}},"21":{"start":{"line":49,"column":17},"end":{"line":49,"column":53}},"22":{"start":{"line":51,"column":35},"end":{"line":54,"column":4}},"23":{"start":{"line":56,"column":2},"end":{"line":56,"column":36}},"24":{"start":{"line":46,"column":13},"end":{"line":46,"column":29}}},"fnMap":{"0":{"name":"(anonymous_1)","decl":{"start":{"line":5,"column":30},"end":{"line":5,"column":31}},"loc":{"start":{"line":5,"column":67},"end":{"line":13,"column":1}}},"1":{"name":"(anonymous_2)","decl":{"start":{"line":15,"column":26},"end":{"line":15,"column":27}},"loc":{"start":{"line":15,"column":64},"end":{"line":26,"column":1}}},"2":{"name":"(anonymous_3)","decl":{"start":{"line":28,"column":27},"end":{"line":28,"column":28}},"loc":{"start":{"line":28,"column":65},"end":{"line":44,"column":1}}},"3":{"name":"(anonymous_4)","decl":{"start":{"line":46,"column":29},"end":{"line":46,"column":30}},"loc":{"start":{"line":46,"column":67},"end":{"line":57,"column":1}}}},"branchMap":{},"s":{"0":2,"1":2,"2":2,"3":2,"4":2,"5":2,"6":2,"7":2,"8":2,"9":2,"10":2,"11":2,"12":2,"13":1,"14":1,"15":1,"16":1,"17":1,"18":2,"19":2,"20":1,"21":1,"22":1,"23":1,"24":2},"f":{"0":2,"1":2,"2":1,"3":1},"b":{}}
,"/Users/thiagoklemg/phonebook/backend/src/helpers/contactExists.ts": {"path":"/Users/thiagoklemg/phonebook/backend/src/helpers/contactExists.ts","statementMap":{"0":{"start":{"line":1,"column":0},"end":{"line":1,"column":31}},"1":{"start":{"line":4,"column":2},"end":{"line":6,"column":4}},"2":{"start":{"line":5,"column":24},"end":{"line":5,"column":73}},"3":{"start":{"line":3,"column":0},"end":{"line":3,"column":16}}},"fnMap":{"0":{"name":"contactExists","decl":{"start":{"line":3,"column":16},"end":{"line":3,"column":29}},"loc":{"start":{"line":3,"column":66},"end":{"line":7,"column":1}}},"1":{"name":"(anonymous_2)","decl":{"start":{"line":5,"column":4},"end":{"line":5,"column":5}},"loc":{"start":{"line":5,"column":24},"end":{"line":5,"column":73}}}},"branchMap":{"0":{"loc":{"start":{"line":5,"column":24},"end":{"line":5,"column":73}},"type":"binary-expr","locations":[{"start":{"line":5,"column":24},"end":{"line":5,"column":46}},{"start":{"line":5,"column":50},"end":{"line":5,"column":73}}]}},"s":{"0":3,"1":7,"2":34,"3":3},"f":{"0":7,"1":34},"b":{"0":[34,31]}}
,"/Users/thiagoklemg/phonebook/backend/src/routes/contactsRoutes.ts": {"path":"/Users/thiagoklemg/phonebook/backend/src/routes/contactsRoutes.ts","statementMap":{"0":{"start":{"line":1,"column":0},"end":{"line":1,"column":30}},"1":{"start":{"line":3,"column":0},"end":{"line":3,"column":73}},"2":{"start":{"line":5,"column":15},"end":{"line":5,"column":31}},"3":{"start":{"line":7,"column":0},"end":{"line":7,"column":59}},"4":{"start":{"line":8,"column":0},"end":{"line":8,"column":56}},"5":{"start":{"line":9,"column":0},"end":{"line":9,"column":63}},"6":{"start":{"line":10,"column":0},"end":{"line":10,"column":68}},"7":{"start":{"line":12,"column":0},"end":{"line":12,"column":22}}},"fnMap":{},"branchMap":{},"s":{"0":1,"1":1,"2":1,"3":1,"4":1,"5":1,"6":1,"7":1},"f":{},"b":{}}
,"/Users/thiagoklemg/phonebook/backend/src/services/contactsServices.ts": {"path":"/Users/thiagoklemg/phonebook/backend/src/services/contactsServices.ts","statementMap":{"0":{"start":{"line":1,"column":0},"end":{"line":1,"column":31}},"1":{"start":{"line":2,"column":0},"end":{"line":2,"column":57}},"2":{"start":{"line":6,"column":2},"end":{"line":6,"column":18}},"3":{"start":{"line":13,"column":2},"end":{"line":15,"column":3}},"4":{"start":{"line":14,"column":4},"end":{"line":14,"column":75}},"5":{"start":{"line":17,"column":2},"end":{"line":19,"column":3}},"6":{"start":{"line":18,"column":4},"end":{"line":18,"column":70}},"7":{"start":{"line":21,"column":2},"end":{"line":21,"column":28}},"8":{"start":{"line":22,"column":2},"end":{"line":22,"column":66}},"9":{"start":{"line":29,"column":2},"end":{"line":47,"column":3}},"10":{"start":{"line":30,"column":4},"end":{"line":39,"column":5}},"11":{"start":{"line":35,"column":6},"end":{"line":38,"column":8}},"12":{"start":{"line":41,"column":4},"end":{"line":43,"column":5}},"13":{"start":{"line":42,"column":6},"end":{"line":42,"column":72}},"14":{"start":{"line":45,"column":4},"end":{"line":45,"column":37}},"15":{"start":{"line":46,"column":4},"end":{"line":46,"column":69}},"16":{"start":{"line":49,"column":2},"end":{"line":49,"column":78}},"17":{"start":{"line":53,"column":2},"end":{"line":56,"column":3}},"18":{"start":{"line":54,"column":4},"end":{"line":54,"column":30}},"19":{"start":{"line":55,"column":4},"end":{"line":55,"column":70}},"20":{"start":{"line":58,"column":2},"end":{"line":58,"column":79}},"21":{"start":{"line":61,"column":0},"end":{"line":66,"column":2}}},"fnMap":{"0":{"name":"getAllContacts","decl":{"start":{"line":5,"column":9},"end":{"line":5,"column":23}},"loc":{"start":{"line":5,"column":23},"end":{"line":7,"column":1}}},"1":{"name":"addContact","decl":{"start":{"line":9,"column":9},"end":{"line":9,"column":19}},"loc":{"start":{"line":9,"column":39},"end":{"line":23,"column":1}}},"2":{"name":"editContact","decl":{"start":{"line":25,"column":9},"end":{"line":25,"column":20}},"loc":{"start":{"line":27,"column":25},"end":{"line":50,"column":1}}},"3":{"name":"deleteContact","decl":{"start":{"line":52,"column":9},"end":{"line":52,"column":22}},"loc":{"start":{"line":52,"column":36},"end":{"line":59,"column":1}}}},"branchMap":{"0":{"loc":{"start":{"line":13,"column":2},"end":{"line":15,"column":3}},"type":"if","locations":[{"start":{"line":13,"column":2},"end":{"line":15,"column":3}}]},"1":{"loc":{"start":{"line":13,"column":6},"end":{"line":13,"column":72}},"type":"binary-expr","locations":[{"start":{"line":13,"column":6},"end":{"line":13,"column":27}},{"start":{"line":13,"column":31},"end":{"line":13,"column":51}},{"start":{"line":13,"column":55},"end":{"line":13,"column":72}}]},"2":{"loc":{"start":{"line":17,"column":2},"end":{"line":19,"column":3}},"type":"if","locations":[{"start":{"line":17,"column":2},"end":{"line":19,"column":3}}]},"3":{"loc":{"start":{"line":29,"column":2},"end":{"line":47,"column":3}},"type":"if","locations":[{"start":{"line":29,"column":2},"end":{"line":47,"column":3}}]},"4":{"loc":{"start":{"line":29,"column":6},"end":{"line":29,"column":43}},"type":"binary-expr","locations":[{"start":{"line":29,"column":6},"end":{"line":29,"column":16}},{"start":{"line":29,"column":20},"end":{"line":29,"column":43}}]},"5":{"loc":{"start":{"line":30,"column":4},"end":{"line":39,"column":5}},"type":"if","locations":[{"start":{"line":30,"column":4},"end":{"line":39,"column":5}}]},"6":{"loc":{"start":{"line":31,"column":6},"end":{"line":33,"column":27}},"type":"binary-expr","locations":[{"start":{"line":31,"column":6},"end":{"line":31,"column":31}},{"start":{"line":32,"column":6},"end":{"line":32,"column":30}},{"start":{"line":33,"column":6},"end":{"line":33,"column":27}}]},"7":{"loc":{"start":{"line":41,"column":4},"end":{"line":43,"column":5}},"type":"if","locations":[{"start":{"line":41,"column":4},"end":{"line":43,"column":5}}]},"8":{"loc":{"start":{"line":53,"column":2},"end":{"line":56,"column":3}},"type":"if","locations":[{"start":{"line":53,"column":2},"end":{"line":56,"column":3}}]},"9":{"loc":{"start":{"line":53,"column":6},"end":{"line":53,"column":43}},"type":"binary-expr","locations":[{"start":{"line":53,"column":6},"end":{"line":53,"column":16}},{"start":{"line":53,"column":20},"end":{"line":53,"column":43}}]}},"s":{"0":3,"1":3,"2":3,"3":5,"4":1,"5":4,"6":1,"7":3,"8":3,"9":5,"10":4,"11":1,"12":3,"13":1,"14":2,"15":2,"16":1,"17":3,"18":2,"19":2,"20":1,"21":3},"f":{"0":3,"1":5,"2":5,"3":3},"b":{"0":[1],"1":[5,4,4],"2":[1],"3":[4],"4":[5,5],"5":[1],"6":[4,3,3],"7":[1],"8":[2],"9":[3,3]}}
}
