TN:
SF:src/data.ts
FNF:0
FNH:0
DA:3,3
DA:11,3
LF:2
LH:2
BRF:0
BRH:0
end_of_record
TN:
SF:src/server.ts
FN:13,(anonymous_1)
FNF:1
FNH:1
FNDA:1,(anonymous_1)
DA:1,1
DA:2,1
DA:3,1
DA:5,1
DA:6,1
DA:8,1
DA:9,1
DA:10,1
DA:13,1
DA:14,1
LF:10
LH:10
BRF:0
BRH:0
end_of_record
TN:
SF:src/controllers/contactsControllers.ts
FN:5,(anonymous_1)
FN:15,(anonymous_2)
FN:28,(anonymous_3)
FN:46,(anonymous_4)
FNF:4
FNH:4
FNDA:2,(anonymous_1)
FNDA:1,(anonymous_2)
FNDA:2,(anonymous_3)
FNDA:1,(anonymous_4)
DA:3,2
DA:5,2
DA:6,2
DA:7,2
DA:12,2
DA:15,2
DA:16,1
DA:18,1
DA:20,1
DA:25,1
DA:28,2
DA:29,2
DA:30,2
DA:32,2
DA:38,2
DA:43,2
DA:46,2
DA:47,1
DA:49,1
DA:51,1
DA:56,1
LF:21
LH:21
BRF:0
BRH:0
end_of_record
TN:
SF:src/routes/contactsRoutes.ts
FNF:0
FNH:0
DA:1,1
DA:3,1
DA:5,1
DA:7,1
DA:8,1
DA:9,1
DA:10,1
DA:12,1
LF:8
LH:8
BRF:0
BRH:0
end_of_record
TN:
SF:src/services/contactsServices.ts
FN:4,getAllContacts
FN:8,contactExists
FN:10,(anonymous_3)
FN:14,addContact
FN:30,deleteContact
FN:39,editContact
FNF:6
FNH:6
FNDA:3,getAllContacts
FNDA:7,contactExists
FNDA:32,(anonymous_3)
FNDA:4,addContact
FNDA:3,deleteContact
FNDA:6,editContact
DA:1,3
DA:5,3
DA:9,7
DA:10,32
DA:18,4
DA:19,1
DA:22,3
DA:23,1
DA:26,2
DA:27,2
DA:31,3
DA:32,2
DA:33,2
DA:36,1
DA:43,6
DA:44,5
DA:49,1
DA:55,4
DA:56,1
DA:59,3
DA:60,3
DA:63,1
DA:66,3
LF:23
LH:23
BRDA:10,0,0,32
BRDA:10,0,1,28
BRDA:18,1,0,1
BRDA:18,2,0,4
BRDA:18,2,1,3
BRDA:18,2,2,3
BRDA:22,3,0,1
BRDA:31,4,0,2
BRDA:31,5,0,3
BRDA:31,5,1,3
BRDA:43,6,0,5
BRDA:43,7,0,6
BRDA:43,7,1,6
BRDA:44,8,0,1
BRDA:45,9,0,5
BRDA:45,9,1,4
BRDA:45,9,2,4
BRDA:55,10,0,1
BRF:18
BRH:18
end_of_record
