TN:
SF:src/data.ts
FNF:0
FNH:0
DA:3,3
DA:11,3
LF:2
LH:2
BRF:0
BRH:0
end_of_record
TN:
SF:src/server.ts
FN:15,(anonymous_1)
FN:24,oo_cm
FNF:2
FNH:2
FNDA:1,(anonymous_1)
FNDA:1,oo_cm
DA:1,1
DA:2,1
DA:3,1
DA:4,1
DA:5,1
DA:7,1
DA:8,1
DA:10,1
DA:11,1
DA:12,1
DA:13,1
DA:15,1
DA:16,1
DA:24,1
LF:14
LH:14
BRDA:24,0,0,1
BRDA:24,0,1,1
BRF:2
BRH:2
end_of_record
TN:
SF:src/controllers/contactsControllers.ts
FN:5,(anonymous_1)
FN:15,(anonymous_2)
FN:28,(anonymous_3)
FN:46,(anonymous_4)
FNF:4
FNH:4
FNDA:2,(anonymous_1)
FNDA:2,(anonymous_2)
FNDA:1,(anonymous_3)
FNDA:1,(anonymous_4)
DA:3,2
DA:5,2
DA:6,2
DA:7,2
DA:12,2
DA:15,2
DA:16,2
DA:18,2
DA:20,2
DA:25,2
DA:28,2
DA:29,1
DA:30,1
DA:32,1
DA:38,1
DA:43,1
DA:46,2
DA:47,1
DA:49,1
DA:51,1
DA:56,1
LF:21
LH:21
BRF:0
BRH:0
end_of_record
TN:
SF:src/helpers/contactExists.ts
FN:3,contactExists
FN:5,(anonymous_2)
FNF:2
FNH:2
FNDA:7,contactExists
FNDA:34,(anonymous_2)
DA:1,3
DA:3,3
DA:4,7
DA:5,34
LF:4
LH:4
BRDA:5,0,0,34
BRDA:5,0,1,31
BRF:2
BRH:2
end_of_record
TN:
SF:src/routes/contactsRoutes.ts
FNF:0
FNH:0
DA:1,1
DA:3,1
DA:5,1
DA:7,1
DA:8,1
DA:9,1
DA:10,1
DA:12,1
LF:8
LH:8
BRF:0
BRH:0
end_of_record
TN:
SF:src/services/contactsServices.ts
FN:5,getAllContacts
FN:9,addContact
FN:25,editContact
FN:52,deleteContact
FNF:4
FNH:4
FNDA:3,getAllContacts
FNDA:5,addContact
FNDA:5,editContact
FNDA:3,deleteContact
DA:1,3
DA:2,3
DA:6,3
DA:13,5
DA:14,1
DA:17,4
DA:18,1
DA:21,3
DA:22,3
DA:29,5
DA:30,4
DA:35,1
DA:41,3
DA:42,1
DA:45,2
DA:46,2
DA:49,1
DA:53,3
DA:54,2
DA:55,2
DA:58,1
DA:61,3
LF:22
LH:22
BRDA:13,0,0,1
BRDA:13,1,0,5
BRDA:13,1,1,4
BRDA:13,1,2,4
BRDA:17,2,0,1
BRDA:29,3,0,4
BRDA:29,4,0,5
BRDA:29,4,1,5
BRDA:30,5,0,1
BRDA:31,6,0,4
BRDA:31,6,1,3
BRDA:31,6,2,3
BRDA:41,7,0,1
BRDA:53,8,0,2
BRDA:53,9,0,3
BRDA:53,9,1,3
BRF:16
BRH:16
end_of_record
